<?xml version="1.0" encoding="UTF-8"?>
<!-- Generated by org.testng.reporters.JUnitReportReporter -->
<testsuite hostname="CHETUIWK290" failures="0" tests="1" name="org.Pack01.com.DemoClass" time="7.406" errors="0" timestamp="2021-08-30T18:08:16 IST" skipped="0">
  <testcase classname="org.Pack01.com.DemoClass" name="method1" time="7.406"/>
  <system-out/>
</testsuite> <!-- org.Pack01.com.DemoClass -->
